[15:53:13] [Render thread/INFO] [JMLogger] JourneyMap log initialized.
[15:53:13] [Render thread/INFO] [JourneymapClient] initialize ENTER
[15:53:13] [Render thread/INFO] [ClientAPI] [ClientAPI] built with JourneyMap API 1.9-SNAPSHOT
[15:53:13] [Render thread/INFO] [PluginHelper] Initializing plugins with Client API: journeymap.client.api.impl.ClientAPI
[15:53:13] [Render thread/INFO] [PluginHelper] Initialized IClientPlugin: com.minecolonies.coremod.compatibility.journeymap.JourneymapPlugin
[15:53:13] [Render thread/INFO] [PluginHelper] Initialized IClientPlugin: net.blay09.mods.waystones.compat.JourneyMapAddon
[15:53:13] [Render thread/INFO] [PluginHelper] Initialized IClientPlugin: com.anthonyhilyard.merchantmarkers.compat.JourneymapHandler
[15:53:13] [Render thread/INFO] [PluginHelper] Initialized IClientPlugin: frankv.jmi.JMIJourneyMapPlugin
[15:53:13] [Render thread/INFO] [?] Version: JourneyMap 1.19.2-5.9.5, built with forge 1.19.2-43.2.0
forge: 43.2.8
Environment: os.name, os.arch, java.version, user.country, user.language=null, game language=en_us, locale=en_us
Features: 
	RadarPlayers : singleplayer = true , multiplayer = true
	RadarAnimals : singleplayer = true , multiplayer = true
	RadarMobs : singleplayer = true , multiplayer = true
	RadarVillagers : singleplayer = true , multiplayer = true
	MapTopo : singleplayer = true , multiplayer = true
	MapSurface : singleplayer = true , multiplayer = true
	MapCaves : singleplayer = true , multiplayer = true
	MapBiome : singleplayer = true , multiplayer = true
MiniMapProperties{state=Valid, file=journeymap.minimap.config, configVersion=5.9.5, zoomLevel=0, compassFontScale=1.6, terrainAlpha=100, showEntityNames=true, positionX=0.853837, positionY=0.009722223, effectVertical=false, showPlayerHeading=true, sizePercent=25, playerDisplayScale=1.0, showDayNight=true, showPets=true, preferredMapType=day, showCompass=true, mobDisplay=jm.common.entity_display.dots, systemTimeRealFormat=HH:mm:ss, shape=jm.minimap.shape_circle, showSelf=true, selfDisplayScale=1.0, showGrid=false, reticleOrientation=jm.minimap.orientation.compass, gameTimeRealFormat=HH:mm:ss, effectTranslateX=0, showWaypoints=true, minimapKeyMovementSpeed=0.001, showAnimals=true, infoSlotAlpha=0.0, effectTranslateY=210, showWaypointLabels=true, moveEffectIcons=true, position=jm.minimap.position_custom, fontScale=2.0, showPlayers=true, waypointIconScale=1.0, frameAlpha=100, effectReversed=false, backgroundAlpha=1.0, enabled=true, showVillagers=true, info2Label=jm.theme.labelsource.blank, info3Label=jm.theme.labelsource.location, showMobs=true, waypointLabelScale=1.0, showReticle=false, orientation=jm.minimap.orientation.north, info4Label=jm.theme.labelsource.biome, locationFormat=xzyv, playerDisplay=jm.common.entity_display.dots, mobDisplayScale=1.0, showCaves=true, showMobHeading=true, locationFormatVerbose=true, info1Label=jm.theme.labelsource.blank}
MiniMapProperties{state=Valid, file=journeymap.minimap2.config, configVersion=5.9.5, zoomLevel=0, compassFontScale=1.0, terrainAlpha=100, showEntityNames=true, positionX=0.9, positionY=0.25, effectVertical=false, showPlayerHeading=true, sizePercent=30, playerDisplayScale=1.0, showDayNight=true, showPets=true, preferredMapType=day, showCompass=true, mobDisplay=jm.common.entity_display.dots, systemTimeRealFormat=HH:mm:ss, shape=jm.minimap.shape_rectangle, showSelf=true, selfDisplayScale=1.0, showGrid=true, reticleOrientation=jm.minimap.orientation.compass, gameTimeRealFormat=HH:mm:ss, effectTranslateX=0, showWaypoints=true, minimapKeyMovementSpeed=0.001, showAnimals=true, infoSlotAlpha=0.7, effectTranslateY=0, showWaypointLabels=true, moveEffectIcons=true, position=jm.minimap.position_topright, fontScale=1.0, showPlayers=true, waypointIconScale=1.0, frameAlpha=100, effectReversed=false, backgroundAlpha=0.8, enabled=true, showVillagers=true, info2Label=jm.theme.labelsource.gametime, info3Label=jm.theme.labelsource.location, showMobs=true, waypointLabelScale=1.0, showReticle=true, orientation=jm.minimap.orientation.north, info4Label=jm.theme.labelsource.biome, locationFormat=xzyv, playerDisplay=jm.common.entity_display.dots, mobDisplayScale=1.0, showCaves=true, showMobHeading=true, locationFormatVerbose=true, info1Label=jm.theme.labelsource.blank}
FullMapProperties{state=Valid, file=journeymap.fullmap.config, configVersion=5.9.5, zoomLevel=1, showPlayers=true, waypointIconScale=1.0, showEntityNames=true, showPlayerHeading=true, showVillagers=true, showPlayerLoc=true, showKeys=true, playerDisplayScale=1.0, showMobs=true, showPets=true, waypointLabelScale=1.0, preferredMapType=day, mobDisplay=jm.common.entity_display.dots, showSelf=true, locationFormat=xzyv, playerDisplay=jm.common.entity_display.dots, mobDisplayScale=1.0, selfDisplayScale=1.0, showGrid=true, showMouseLoc=true, showWaypoints=true, showCaves=true, showAnimals=true, dragScale=1, showMobHeading=true, showWaypointLabels=true, locationFormatVerbose=true, fontScale=1.0}
WaypointProperties{state=Valid, file=journeymap.waypoint.config, configVersion=5.9.5, autoRemoveDeathpointDistance=2, dateFormat=MM-dd-yyyy, autoRemoveDeathpoints=false, fullscreenDoubleClickToCreate=true, managerDimensionFocus=false, minDistance=4, boldLabel=false, textureSmall=true, showDeathpointlabel=true, beaconEnabled=true, createDeathpoints=true, showName=true, disableStrikeThrough=false, maxDistance=0, autoHideLabel=true, autoRemoveTempWaypoints=2, teleportCommand=/tp {name} {x} {y} {z}, showStaticBeam=true, shaderBeacon=false, timeFormat=HH:mm:ss, showDeviationLabel=false, showDistance=true, showRotatingBeam=true, fontScale=2.0, showTexture=true, managerEnabled=true}
WebMapProperties{state=Valid, file=journeymap.webmap.config, configVersion=5.9.5, port=8080, enabled=false}
CoreProperties{state=Valid, file=journeymap.core.config, configVersion=5.9.5, verboseColorPalette=false, maxPlayersData=32, mapSurfaceAboveCaves=true, dataCachingEnabled=true, optionsManagerViewed=5.9.0beta2, announceMod=true, colorPassive=#bbbbbb, mapBlendWater=false, renderDistanceSurfaceMax=0, seedId=false, radarVerticalDistance=16, mapBlendGrass=true, recordCacheStats=false, hideSneakingEntities=true, revealShape=jm.minimap.shape_circle, mapBiome=true, alwaysMapSurface=false, colorVillager=#88e188, mapPlants=false, colorPet=#0077ff, radarLateralDistance=64, mapBathymetry=false, mapCrops=true, maxMobsData=32, mapPlantShadows=false, alwaysMapCaves=false, checkUpdates=true, mapBlendFoliage=true, hideSpectators=false, mappingEnabled=true, colorPlayer=#ffffff, tileHighDisplayQuality=true, cacheVillagersData=2200, logLevel=INFO, maxVillagersData=32, mapWaterBiomeColors=false, maxAnimalsData=32, mapTransparency=true, caveBlackAsClear=false, tileRenderType=1, caveIgnoreGlass=true, mapTopography=true, renderDistanceCaveMax=0, mapAntialiasing=true, colorSelf=#0000ff, cachePlayersData=2000, cacheMobsData=3000, cachePlayerData=1000, splashViewed=5.9.3, colorHostile=#ff0000, cacheAnimalsData=3100, themeName=Purist, mapCaveLighting=true, renderDelay=2, glErrorChecking=false, autoMapPoll=2000}
[15:53:13] [Render thread/INFO] [JourneymapClient] initialize EXIT, elapsed count 1 avg 160.75ms
[15:53:19] [Render thread/INFO] [JourneymapClient] Journeymap PostInit
[15:53:19] [Render thread/ERROR] [FileHandler] Couldn't locate icons for flat: C:\Users\DRBri\curseforge\minecraft\Instances\Medieval%20MC%20%5BFORGE%5D%201.19.2%20(2)%20(1)\mods\journeymap-1.19.2-5.9.5-forge.jar\assets\journeymap\theme\flat
[15:53:19] [Render thread/INFO] [ThemeLoader] Preloaded theme textures: 0
[15:53:19] [Render thread/INFO] [JourneymapClient] postInitialize EXIT, elapsed count 1 avg 17.76ms
[15:53:55] [Server thread/INFO] [ForgeConfig] Loading JourneyMap Forge Configs
[15:54:57] [Render thread/INFO] [WaypointStore] Loaded 0 waypoints from C:\Users\DRBri\curseforge\minecraft\Instances\Medieval MC [FORGE] 1.19.2 (2) (1)\journeymap\data\sp\New World\waypoints
[15:54:57] [Render thread/INFO] [JourneymapClient] Mapping started in C:\Users\DRBri\curseforge\minecraft\Instances\Medieval MC [FORGE] 1.19.2 (2) (1)\journeymap\data\sp\New World\overworld. Memory: 10048MB total, 4821MB free 
[15:54:59] [Render thread/WARN] [JMLogger] Can't get entityTexture for forbidden_arcanus:textures/entity_icon/lost_soul/lost_soul.png
[15:54:59] [Render thread/WARN] [JMLogger] Can't get entityTexture for greekfantasy:textures/entity_icon/harpy.png
[15:55:00] [Render thread/INFO] [ChatLog] JourneyMap: Press [J]
